* using log directory 'D:/GITHUB/BESTMD/contrataciones-estado-emergencia/Golem2/contratosemergencia.Rcheck'
* using R version 4.0.3 (2020-10-10)
* using platform: x86_64-w64-mingw32 (64-bit)
* using session charset: ISO8859-1
* using options '--no-manual --as-cran'
* checking for file 'contratosemergencia/DESCRIPTION' ... OK
* this is package 'contratosemergencia' version '0.0.0.9000'
* package encoding: UTF-8
* checking package namespace information ... OK
* checking package dependencies ... OK
* checking if this is a source package ... OK
* checking if there is a namespace ... OK
* checking for .dll and .exe files ... OK
* checking for hidden files and directories ... OK
* checking for portable file names ... OK
* checking whether package 'contratosemergencia' can be installed ... WARNING
Found the following significant warnings:
  Warning: namespace 'leaflet' is not available and has been replaced
See 'D:/GITHUB/BESTMD/contrataciones-estado-emergencia/Golem2/contratosemergencia.Rcheck/00install.out' for details.
* checking package directory ... OK
* checking for future file timestamps ... OK
* checking DESCRIPTION meta-information ... WARNING
Non-standard license specification:
  What license is it under?
Standardizable: FALSE
* checking top-level files ... NOTE
Non-standard file/directory found at top level:
  'mapa.Rdata'
* checking for left-over files ... OK
* checking index information ... OK
* checking package subdirectories ... OK
* checking R files for non-ASCII characters ... OK
* checking R files for syntax errors ... OK
* checking whether the package can be loaded ... OK
* checking whether the package can be loaded with stated dependencies ... OK
* checking whether the package can be unloaded cleanly ... OK
* checking whether the namespace can be loaded with stated dependencies ... OK
* checking whether the namespace can be unloaded cleanly ... OK
* checking loading without being on the library search path ... OK
* checking dependencies in R code ... WARNING
'::' or ':::' import not declared from: 'rlang'
* checking S3 generic/method consistency ... OK
* checking replacement functions ... OK
* checking foreign function calls ... OK
* checking R code for possible problems ... NOTE
mod_mod_server: no visible global function definition for
  'renderLeaflet'
mod_mod_ui: no visible global function definition for 'leafletOutput'
Undefined global functions or variables:
  leafletOutput renderLeaflet
* checking Rd files ... OK
* checking Rd metadata ... OK
* checking Rd line widths ... OK
* checking Rd cross-references ... OK
* checking for missing documentation entries ... OK
* checking for code/documentation mismatches ... OK
* checking Rd \usage sections ... OK
* checking Rd contents ... OK
* checking for unstated dependencies in examples ... OK
* checking examples ... NONE
* checking for unstated dependencies in 'tests' ... OK
* checking tests ... ERROR
  Running 'testthat.R' [22s]
Running the tests in 'tests/testthat.R' failed.
Last 13 lines of output:
       x
    1. \-contratosemergencia:::app_ui() test-golem-recommended.R:6:2
    2.   +-htmltools::tagList(...)
    3.   | \-rlang::dots_list(...)
    4.   +-shiny::fluidPage(h1("contratosemergencia"), mod_mod_ui("mod_ui_1"))
    5.   | +-shiny::bootstrapPage(...)
    6.   | \-htmltools::div(class = "container-fluid", ...)
    7.   |   \-rlang::dots_list(...)
    8.   \-contratosemergencia:::mod_mod_ui("mod_ui_1")
    9.     \-htmltools::tagList(h2("MAPA"), leafletOutput(ns("map_mon")))
   10.       \-rlang::dots_list(...)
  
  [ FAIL 1 | WARN 0 | SKIP 0 | PASS 2 ]
  Error: Test failures
  Execution halted
* checking for non-standard things in the check directory ... OK
* checking for detritus in the temp directory ... OK
* DONE
Status: 1 ERROR, 3 WARNINGs, 2 NOTEs
